<?xml version="1.0" encoding="UTF-8"?>
<testng-results ignored="0" total="2" passed="2" failed="0" skipped="0">
  <reporter-output>
  </reporter-output>
  <suite started-at="2025-06-21T12:55:18 IST" name="ParallelSuite" finished-at="2025-06-21T12:56:06 IST" duration-ms="48123">
    <groups>
      <group name="cucumber">
        <method signature="AbstractTestNGCucumberTests.runScenario(io.cucumber.testng.PickleWrapper,io.cucumber.testng.FeatureWrapper)[pri:0, instance:runners.TestRunner@1d296da]" name="runScenario" class="io.cucumber.testng.AbstractTestNGCucumberTests"/>
        <method signature="AbstractTestNGCucumberTests.runScenario(io.cucumber.testng.PickleWrapper,io.cucumber.testng.FeatureWrapper)[pri:0, instance:runners.TestRunner@62ddbd7e]" name="runScenario" class="io.cucumber.testng.AbstractTestNGCucumberTests"/>
      </group> <!-- cucumber -->
    </groups>
    <test started-at="2025-06-21T12:55:18 IST" name="WindowsChrome" finished-at="2025-06-21T12:56:02 IST" duration-ms="44494">
      <class name="runners.TestRunner">
        <test-method is-config="true" signature="setUpClass(org.testng.ITestContext)[pri:0, instance:runners.TestRunner@1d296da]" started-at="2025-06-21T12:55:18 IST" name="setUpClass" finished-at="2025-06-21T12:55:19 IST" duration-ms="726" status="PASS">
          <params>
            <param index="0">
              <value>
                <![CDATA[org.testng.TestRunner@4988d8b8]]>
              </value>
            </param>
          </params>
          <reporter-output>
          </reporter-output>
        </test-method> <!-- setUpClass -->
        <test-method is-config="true" signature="setup(java.lang.String,java.lang.String)[pri:0, instance:runners.TestRunner@1d296da]" started-at="2025-06-21T12:55:19 IST" name="setup" finished-at="2025-06-21T12:55:19 IST" duration-ms="3" status="PASS">
          <params>
            <param index="0">
              <value>
                <![CDATA[chrome]]>
              </value>
            </param>
            <param index="1">
              <value>
                <![CDATA[windows]]>
              </value>
            </param>
          </params>
          <reporter-output>
          </reporter-output>
        </test-method> <!-- setup -->
        <test-method signature="runScenario(io.cucumber.testng.PickleWrapper,io.cucumber.testng.FeatureWrapper)[pri:0, instance:runners.TestRunner@1d296da]" started-at="2025-06-21T12:55:19 IST" name="runScenario" description="Runs Cucumber Scenarios" data-provider="scenarios" finished-at="2025-06-21T12:56:00 IST" duration-ms="41710" status="PASS">
          <params>
            <param index="0">
              <value>
                <![CDATA["validate user creation"]]>
              </value>
            </param>
            <param index="1">
              <value>
                <![CDATA["Create account"]]>
              </value>
            </param>
          </params>
          <reporter-output>
          </reporter-output>
        </test-method> <!-- runScenario -->
        <test-method is-config="true" signature="teardown()[pri:0, instance:runners.TestRunner@1d296da]" started-at="2025-06-21T12:56:00 IST" name="teardown" finished-at="2025-06-21T12:56:02 IST" duration-ms="2002" status="PASS">
          <reporter-output>
          </reporter-output>
        </test-method> <!-- teardown -->
        <test-method is-config="true" signature="tearDownClass()[pri:0, instance:runners.TestRunner@1d296da]" started-at="2025-06-21T12:56:02 IST" name="tearDownClass" finished-at="2025-06-21T12:56:02 IST" duration-ms="5" status="PASS">
          <reporter-output>
          </reporter-output>
        </test-method> <!-- tearDownClass -->
      </class> <!-- runners.TestRunner -->
    </test> <!-- WindowsChrome -->
    <test started-at="2025-06-21T12:55:18 IST" name="LinuxFirefox" finished-at="2025-06-21T12:56:06 IST" duration-ms="48123">
      <class name="runners.TestRunner">
        <test-method is-config="true" signature="setUpClass(org.testng.ITestContext)[pri:0, instance:runners.TestRunner@62ddbd7e]" started-at="2025-06-21T12:55:18 IST" name="setUpClass" finished-at="2025-06-21T12:55:19 IST" duration-ms="726" status="PASS">
          <params>
            <param index="0">
              <value>
                <![CDATA[org.testng.TestRunner@6913c1fb]]>
              </value>
            </param>
          </params>
          <reporter-output>
          </reporter-output>
        </test-method> <!-- setUpClass -->
        <test-method is-config="true" signature="setup(java.lang.String,java.lang.String)[pri:0, instance:runners.TestRunner@62ddbd7e]" started-at="2025-06-21T12:55:19 IST" name="setup" finished-at="2025-06-21T12:55:19 IST" duration-ms="3" status="PASS">
          <params>
            <param index="0">
              <value>
                <![CDATA[firefox]]>
              </value>
            </param>
            <param index="1">
              <value>
                <![CDATA[linux]]>
              </value>
            </param>
          </params>
          <reporter-output>
          </reporter-output>
        </test-method> <!-- setup -->
        <test-method signature="runScenario(io.cucumber.testng.PickleWrapper,io.cucumber.testng.FeatureWrapper)[pri:0, instance:runners.TestRunner@62ddbd7e]" started-at="2025-06-21T12:55:19 IST" name="runScenario" description="Runs Cucumber Scenarios" data-provider="scenarios" finished-at="2025-06-21T12:56:04 IST" duration-ms="45337" status="PASS">
          <params>
            <param index="0">
              <value>
                <![CDATA["validate user creation"]]>
              </value>
            </param>
            <param index="1">
              <value>
                <![CDATA["Create account"]]>
              </value>
            </param>
          </params>
          <reporter-output>
          </reporter-output>
        </test-method> <!-- runScenario -->
        <test-method is-config="true" signature="teardown()[pri:0, instance:runners.TestRunner@62ddbd7e]" started-at="2025-06-21T12:56:04 IST" name="teardown" finished-at="2025-06-21T12:56:06 IST" duration-ms="2017" status="PASS">
          <reporter-output>
          </reporter-output>
        </test-method> <!-- teardown -->
        <test-method is-config="true" signature="tearDownClass()[pri:0, instance:runners.TestRunner@62ddbd7e]" started-at="2025-06-21T12:56:06 IST" name="tearDownClass" finished-at="2025-06-21T12:56:06 IST" duration-ms="0" status="PASS">
          <reporter-output>
          </reporter-output>
        </test-method> <!-- tearDownClass -->
      </class> <!-- runners.TestRunner -->
    </test> <!-- LinuxFirefox -->
  </suite> <!-- ParallelSuite -->
</testng-results>
